QuestaSim-64 qrun 2024.1 Utility 2024.02 Feb  1 2024
Start time: 15:44:13 on Aug 02,2024
qrun -help all 
    The qrun utility simplifies the use of Questa tools to compile, optimize
    and simulate a design by taking all input files and options, and then
    automatically executing the correct tool and command-line arguments for
    each file.
    
    The qrun command has these critical features
    
    * Simplifies the building of a mixed-language design by choosing the
    appropriate tool and arguments to compile for each file.
    
    * Keeps track of timestamps to only re-compile files that have changed.
    
    * Maintains a history of previously executed commands. This allows you to
    browse a list commands, and re-run a line without having to specify all the
    previous arguments.
    
    * Provides a way to output a shell script for a build.
    
    The qrun command supports the following simulation languages.
    SystemVerilog/Verilog
    VHDL
    SystemC, C/C++ (DPI/PLI/FLI) source, and compiled object files
    
    Try the following to get help on specific options or categories: 

    qrun -help all            : List all categories and options
    qrun -help category       : List all categories
    qrun -help <option>       : Help on an option
    qrun -help <command-line> : Help on all options in a command-line
    qrun -help <category>     : List all options in a category

------------------------------------General------------------------------------
General Category for option

--------------------------------------------------------------------------------
-32                             Run in 32-bit mode.
                                
-64                             Run in 64-bit mode.
                                
-batch                          Batch mode
                                
-c                              Command line mode
                                
-f <filename>                   Specify a file containing more command line
                                arguments
                                
-i                              Force interactive mode
                                
-modelsimini <modelsim.ini>     Specify path to the modelsim.ini file
                                
-verbose                        Print additional output.
                                
-version                        Print the version of qrun.
                                
------------------------------------Compiler------------------------------------
Compiler/optimizer controls

--------------------------------------------------------------------------------
-autoorder                      Perform -autoorder compilation on all -makelib
                                subgroups. Source files outside -makelib
                                subgroups can be specified in any order.
                                Compilation proceeds in a scan phase, followed
                                by a refresh phase.
                                
-cdebug                         Pass appropriate 'C' debugging flags to vlog
                                and sccom.
                                
-defineall <macro[= value]>     Define <macro> for all compilers.
                                
-uvm                            Include the UVM library, optionally specified
                                with -uvmhome.
                                
-uvmexthome <path-to-UVM>       Compile the Questa UVM extensions into the work
                                library.
                                
-uvmhome <path-to-UVM-library|UVM-version-string>
                                Specifies UVM library to use with -uvm.
                                
-uvmlibrary <logical library|physical library>
                                Specifies UVM library should be compiled into
                                
-------------------------------------Design-------------------------------------
Design units and libraries Category of Qrun

--------------------------------------------------------------------------------
-clean                          Remove 'qrun.out', or the directory specified
                                with -outdir.
                                
-cleanlib                       Like -clean, but just remove the libraries.
                                
-makepdu <pdu_name> [/path/to/lib.]<du_name> <options> -end
                                Optimize the desired design units into a PDU
                                named <pdu_name>.
                                
-o <design_name>                Specify optimized output design name
                                
-outdir <filename>              Store libraries and data in 'filename' instead
                                of the default, 'qrun.out'.
                                
-snapshot <snapshot_name>       Specify snapshot (optimized design) name
                                
-top <design_unit>              Specify 'design_unit' as the top for
                                simulation.
                                
-work <library_name>            Specify a logical name or pathname of a library
                                that is to be mapped to the logical library
                                work.
                                
------------------------------------FaultSim------------------------------------
FaultSim Category

--------------------------------------------------------------------------------
-faultsim                       Enables fault simulation in Questa.
                                
-fsim_alarm <file_name>         File that contains alarm definitions for fault
                                sim.
                                
-fsim_blackbox <file_name>      Specifies file with module names and their
                                clock ports to be considerered black boxes.
                                
-fsim_blackboxinst <file_name>  Specifies file with instance names and their
                                clock ports to be considerered black boxes.
                                
-fsim_clkdef <file_name>        File that contains top clocks for fault sim.
                                
-fsim_cosimblackbox <file_name> Specifies file with module names and their
                                clock ports to be considerered cosim black
                                boxes.
                                
-fsim_faultinjectinst <inst_path>
                                Enables fault injections in the hierarchy below
                                the inst specified.
                                
-fsim_faultlist <file_name>     File that contains the fault list for fault
                                sim.
                                
-fsim_filelist <file_path>      Specifies file list for the design below fault
                                injection inst.
                                
-fsim_forcelist <file_name>     File that contains the force list for fault
                                sim.
                                
-fsim_fsdb <file_name>          File that contains the list of fsdb files for
                                fault sim.
                                
-fsim_fusaini <file_name>       Path to fusa.ini file for fault sim. This file
                                contains default settings for fault simulation.
                                
-fsim_genfaultlist              Generate the fault list. The fault list file
                                will be created in the fsim output directory.
                                
-fsim_ksargs=<arglist>          Pass the specified arguments to Kaleidoscope
                                
-fsim_logfile <file_name>       Name of the fault sim log file.
                                
-fsim_mode single|distributed   Specify if the tool is in single or distributed
                                mode. distributed mode uses qsub command.
                                
-fsim_outputdir <dir_name>      Name of the output directory for fault sim
                                reports.
                                
-fsim_parallel <num>            Specify how many parallel processes to run in
                                distributed mode.
                                
-fsim_qwave <file_name>         File that contains the list of qwave files for
                                fault sim.
                                
-fsim_top <module_name>         Enables fault injection in the top module
                                specified.
                                
-fsim_vcd <file_name>           File that contains the list of vcd files for
                                fault sim.
                                
--------------------------------------File--------------------------------------
Option and file specifications

--------------------------------------------------------------------------------
-allowduplicatefiles            Allow duplicate source file names in command
                                line, by default qrun remove duplicate file
                                names.
                                
-defaultHDLCompiler=<vlog|vcom> Determines which HDL compiler, vlog or vcom, to
                                associate with HDL source files that do not
                                have an extension
                                
-<tool>.ext=[+][ext],[ext],[ext]...
                                Specify file extensions for the tool.  A '+'
                                adds to the current list.
                                
-<tool>.options <option list for 'tool'> -end
                                Apply the included options to 'tool' (vlog,
                                vopt, vsim, etc).
                                
--------------------------------------Flow--------------------------------------
Flow controls Category of Qrun

--------------------------------------------------------------------------------
+UVM_TESTNAME=<testname>        Defines the +UVM_TESTNAME test name to be used
                                for UVM designs.
                                
-compile                        Just compile the design.  Do not optimize or
                                simulate.
                                
-coverage                       Allows enabled coverage statistics to be kept
                                
-cuname <string_arg>            Specify CU name
                                
-designfile <bin-filename>      Specifies a name for the Visualizer .bin file.
                                
-elab <filename>                Elaborate a design into a file
                                
-elab_cont <filename>           Elaborate a design into a file and simulate
                                
-gui[=interactive|postsim]      Specify mode in which to bring up the GUI.  If
                                'postsim', qrun will not compile, optimize, or
                                simulate.
                                
-jcomp <value>                  Specify the number of processes for the
                                parallel compile mode.
                                
-lint[=default|=full|=fast] | -lint [du][,pa][,netlist][,tb]
                                Enable Lint flow.
                                
-load_elab <filename>           Load simulation from previous elaboration
                                
-noincr                         Disable incremental compilation and
                                optimization.
                                
-optimize                       Compile and optimize the design.  Do not
                                simulate.
                                
-parallel                       Qrun invokes parallel compile
                                
-qwavedb=<options>...           Set options for Visualizer GUI.
                                
-simulate                       Only simulate the design, without compiling or
                                optimizing.
                                
-visualizer[=<designfile>]      Turn on Visualizer GUI.
                                
------------------------------------Messages------------------------------------
Options to suppress or downgrade errors.

--------------------------------------------------------------------------------
-error <msgNumber>[,<msgNumber>...]
                                Report the listed messages as errors.
                                
-fatal <msgNumber>[,<msgNumber>...]
                                Report the listed messages as fatal.
                                
-note <msgNumber>[,<msgNumber>...]
                                Report the listed messages as notes.
                                
-permissive                     Relax some language error checks to warnings.
                                
-suppress <msgNumber/msgGroup>[,<msgNumber/msgGroup>...]
                                Suppress the listed messages using number or
                                group.
                                
-warning <msgNumber>[,<msgNumber>...]
                                Report the listed messages as warnings.
                                
-------------------------------------Script-------------------------------------
Scripts, environment, history, logging

--------------------------------------------------------------------------------
-env <filename>[(format)]       Store the commands and the current environment
                                in 'filename', but do not execute the commands.
                                The 'format' is in the style of printf with two
                                '%s' specifiers, the first for the name and the
                                second for the value.
                                
-history=<arg>                  Print previous commands.
                                -history=N: Print command N.
                                -history=N+redo: Rerun command N.
                                -history=N+clear: Clear command N.
                                -history=clear: Clear all commands.
                                (N is a number, or a range of number. Ex:3-6)
                                
-l <filename>                   All output goes to 'filename'.
                                -<tool>.log <filename>: Output for <tool> goes
                                to 'filename'.
                                
-log <filename>                 All output goes to 'filename'.
                                -<tool>.log <filename>: Output for <tool> goes
                                to 'filename'.
                                
-logfile <filename>             All output goes to 'filename'.
                                -<tool>.log <filename>: Output for <tool> goes
                                to 'filename'.
                                
-script <filename>              Store the commands that would be executed as a
                                script in 'filename', but do not execute them.
                                
-stats[=[+-]<args>]             Enables compiler statistics. <args> are
                                all,none,time,cmd,msg,perf,verbose,list,kb.
                                
------------------------------------Subgroup------------------------------------
Grouping files and options

--------------------------------------------------------------------------------
-filemap <vcom/vlog files, options> -end|-endfilemap
                                Compile the Verilog and VHDL files with the
                                given options added.
                                
-makelib <libpath[:logical]> <vcom/vlog files, options> -end|-endlib
                                Compile the Verilog and VHDL files into library
                                'libname'. The optional 'logical' name will be
                                mapped to the path.
                                
-precompile [libpath[:logical]] <vcom/vlog files, options> -end
                                Compile the Verilog and VHDL files with the
                                given options before other files.
                                
-reflib <library>               Add to library search path for all tools.
                                
-refreshlibs                    Refresh all libraries referenced by
                                -makelib/-reflib switches.
                                
------------------------------------SystemC------------------------------------
SystemC Category

--------------------------------------------------------------------------------
-scgenmod <options> <design unit> <output file> -end
                                Create foreign module for SystemC.
                                
-sclink <arguments> -end        Provide arguments for 'sccom -link'.
                                
-sysc <sccom arguments> -end    Compile C/C++ for SystemC
                                
